<?xml version="1.0" encoding="UTF-8"?>
<testng-results skipped="0" failed="0" total="1" passed="1">
  <reporter-output>
  </reporter-output>
  <suite name="TestNG Test" duration-ms="94768" started-at="2017-02-27T16:35:51Z" finished-at="2017-02-27T16:37:26Z">
    <groups>
    </groups>
    <test name="placeOrder" duration-ms="94768" started-at="2017-02-27T16:35:51Z" finished-at="2017-02-27T16:37:26Z">
      <class name="MainApp">
        <test-method status="PASS" signature="M1()[pri:0, instance:MainApp@6cc4c815]" name="M1" is-config="true" duration-ms="197" started-at="2017-02-27T22:05:51Z" finished-at="2017-02-27T22:05:51Z">
          <reporter-output>
          </reporter-output>
        </test-method> <!-- M1 -->
        <test-method status="PASS" signature="placeOrder()[pri:0, instance:MainApp@6cc4c815]" name="placeOrder" duration-ms="94558" started-at="2017-02-27T22:05:51Z" finished-at="2017-02-27T22:07:26Z">
          <reporter-output>
          </reporter-output>
        </test-method> <!-- placeOrder -->
        <test-method status="PASS" signature="tear()[pri:0, instance:MainApp@6cc4c815]" name="tear" is-config="true" duration-ms="5" started-at="2017-02-27T22:07:26Z" finished-at="2017-02-27T22:07:26Z">
          <reporter-output>
          </reporter-output>
        </test-method> <!-- tear -->
      </class> <!-- MainApp -->
    </test> <!-- placeOrder -->
  </suite> <!-- TestNG Test -->
</testng-results>
